<?xml version="1.0" encoding="UTF-8"?>
<!-- Generated by org.testng.reporters.JUnitReportReporter -->
<testsuite hostname="DESKTOP-PR0QEMB" failures="0" tests="5" name="getRequest.GetPersonId" time="3.483" errors="0" timestamp="2021-02-28T21:47:27 CET" skipped="0">
  <testcase classname="getRequest.GetPersonId" name="GetPersonIdKOLetters" time="1.455"/>
  <system-out/>
  <testcase classname="getRequest.GetPersonId" name="GetPersonIdOk" time="0.900"/>
  <system-out/>
  <testcase classname="getRequest.GetPersonId" name="GetPersonIdKOSpecialCharacters" time="0.311"/>
  <system-out/>
  <testcase classname="getRequest.GetPersonId" name="GetPersonIdKONumbers2" time="0.468"/>
  <system-out/>
  <testcase classname="getRequest.GetPersonId" name="GetPersonIdKONumbers" time="0.349"/>
  <system-out/>
</testsuite> <!-- getRequest.GetPersonId -->
