<?xml version="1.0" encoding="UTF-8"?>
<!-- Generated by org.testng.reporters.JUnitReportReporter -->
<testsuite hostname="DESKTOP-PR0QEMB" failures="0" tests="1" name="getRequest.GetData" time="1.456" errors="0" timestamp="2021-02-28T17:24:42 CET" skipped="0">
  <testcase classname="getRequest.GetData" name="sendData" time="1.456"/>
  <system-out/>
</testsuite> <!-- getRequest.GetData -->
