<?xml version="1.0" encoding="UTF-8"?>
<!-- Generated by org.testng.reporters.JUnitReportReporter -->
<testsuite hostname="DESKTOP-PR0QEMB" failures="0" tests="1" name="getRequest.GetPersonAll" time="2.354" errors="0" timestamp="2021-02-28T17:46:20 CET" skipped="0">
  <testcase classname="getRequest.GetPersonAll" name="testResponseCode" time="2.354"/>
  <system-out/>
</testsuite> <!-- getRequest.GetPersonAll -->
